<?xml version="1.0" encoding="UTF-8"?>
<!-- Generated by org.testng.reporters.JUnitReportReporter -->
<testsuite hostname="INLPF3L888S" failures="0" tests="4" name="TestNGparameterization.ParameterPassing" time="0.096" errors="0" timestamp="2024-11-04T12:43:05 IST" skipped="0">
  <testcase classname="TestNGparameterization.ParameterPassing" name="testLogo" time="0.048"/>
  <testcase classname="TestNGparameterization.ParameterPassing" name="testLogo" time="0.028"/>
  <testcase classname="TestNGparameterization.ParameterPassing" name="testURL" time="0.011"/>
  <testcase classname="TestNGparameterization.ParameterPassing" name="testURL" time="0.009"/>
</testsuite> <!-- TestNGparameterization.ParameterPassing -->
