<?xml version="1.0" encoding="UTF-8"?>
<!-- Generated by org.testng.reporters.JUnitReportReporter -->
<testsuite hostname="INLPF3L888S" failures="0" tests="3" name="TestNGproject.FirstTestNG" time="0.004" errors="0" timestamp="2024-10-30T00:04:33 IST" skipped="0">
  <testcase classname="TestNGproject.FirstTestNG" name="openApp" time="0.002"/>
  <testcase classname="TestNGproject.FirstTestNG" name="login" time="0.001"/>
  <testcase classname="TestNGproject.FirstTestNG" name="logout" time="0.001"/>
</testsuite> <!-- TestNGproject.FirstTestNG -->
