<?xml version="1.0" encoding="UTF-8"?>
<!-- Generated by org.testng.reporters.JUnitReportReporter -->
<testsuite hostname="INLPF3L888S" failures="0" tests="3" name="TestNGgrouping.Logintest" time="0.008" errors="0" timestamp="2024-10-30T15:16:12 IST" skipped="0">
  <testcase classname="TestNGgrouping.Logintest" name="loginByTwitter" time="0.001"/>
  <testcase classname="TestNGgrouping.Logintest" name="loginByFB" time="0.006"/>
  <testcase classname="TestNGgrouping.Logintest" name="loginByInsta" time="0.001"/>
</testsuite> <!-- TestNGgrouping.Logintest -->
