<?xml version="1.0" encoding="UTF-8"?>
<!-- Generated by org.testng.reporters.JUnitReportReporter -->
<testsuite hostname="INLPF3L888S" failures="0" tests="3" name="TestNGgrouping.signuptest" time="0.002" errors="0" timestamp="2024-10-30T15:11:28 IST" skipped="0">
  <testcase classname="TestNGgrouping.signuptest" name="signupToTwitter" time="0.000"/>
  <testcase classname="TestNGgrouping.signuptest" name="signupToFB" time="0.001"/>
  <testcase classname="TestNGgrouping.signuptest" name="signupToInsta" time="0.001"/>
</testsuite> <!-- TestNGgrouping.signuptest -->
