<?xml version="1.0" encoding="UTF-8"?>
<!-- Generated by org.testng.reporters.JUnitReportReporter -->
<testsuite hostname="INLPF3L888S" failures="0" tests="4" name="TestNGproject.OrangeHRMtestTest" time="11.376" errors="0" timestamp="2024-10-30T00:04:33 IST" skipped="0">
  <testcase classname="TestNGproject.OrangeHRMtestTest" name="orageHRMsite" time="7.765"/>
  <testcase classname="TestNGproject.OrangeHRMtestTest" name="logoTest" time="3.060"/>
  <testcase classname="TestNGproject.OrangeHRMtestTest" name="loginTest" time="0.155"/>
  <testcase classname="TestNGproject.OrangeHRMtestTest" name="closeBrowser" time="0.396"/>
</testsuite> <!-- TestNGproject.OrangeHRMtestTest -->
