<?xml version="1.0" encoding="UTF-8"?>
<!-- Generated by org.testng.reporters.JUnitReportReporter -->
<testsuite hostname="INLPF3L888S" failures="0" tests="4" name="TestNGproject.DependencyMethods" time="0.010" errors="0" timestamp="2024-10-30T13:27:47 IST" skipped="0">
  <testcase classname="TestNGproject.DependencyMethods" name="openApp" time="0.007"/>
  <testcase classname="TestNGproject.DependencyMethods" name="login" time="0.001"/>
  <testcase classname="TestNGproject.DependencyMethods" name="search" time="0.001"/>
  <testcase classname="TestNGproject.DependencyMethods" name="logout" time="0.001"/>
</testsuite> <!-- TestNGproject.DependencyMethods -->
