<?xml version="1.0" encoding="UTF-8"?>
<!-- Generated by org.testng.reporters.JUnitReportReporter -->
<testsuite hostname="INLPF3L888S" failures="0" tests="3" name="TestNGgrouping.PaymentTest" time="0.015" errors="0" timestamp="2024-10-30T15:17:36 IST" skipped="0">
  <testcase classname="TestNGgrouping.PaymentTest" name="paymentTestTwitter" time="0.005"/>
  <testcase classname="TestNGgrouping.PaymentTest" name="paymentTestFB" time="0.010"/>
  <testcase classname="TestNGgrouping.PaymentTest" name="paymentTestInsta" time="0.000"/>
</testsuite> <!-- TestNGgrouping.PaymentTest -->
